<?xml version="1.0" encoding="UTF-8"?>
<testsuite xmlns:xsi="http://www.w3.org/2001/XMLSchema-instance" xsi:noNamespaceSchemaLocation="https://maven.apache.org/surefire/maven-surefire-plugin/xsd/surefire-test-report-3.0.xsd" version="3.0" name="tutorial.Node_ESTest" time="0.031" tests="5" errors="0" skipped="0" failures="0">
  <properties>
    <property name="sun.desktop" value="windows"/>
    <property name="awt.toolkit" value="sun.awt.windows.WToolkit"/>
    <property name="file.encoding.pkg" value="sun.io"/>
    <property name="java.specification.version" value="1.8"/>
    <property name="sun.cpu.isalist" value="amd64"/>
    <property name="sun.jnu.encoding" value="Cp1252"/>
    <property name="java.class.path" value="C:\Users\manit\Desktop\Tutorial_Maven\target\test-classes;C:\Users\manit\Desktop\Tutorial_Maven\target\classes;C:\Users\manit\.m2\repository\org\evosuite\evosuite-standalone-runtime\1.0.6\evosuite-standalone-runtime-1.0.6.jar;C:\Users\manit\.m2\repository\junit\junit\4.12\junit-4.12.jar;C:\Users\manit\.m2\repository\org\hamcrest\hamcrest-core\1.3\hamcrest-core-1.3.jar;"/>
    <property name="java.vm.vendor" value="Oracle Corporation"/>
    <property name="sun.arch.data.model" value="64"/>
    <property name="user.variant" value=""/>
    <property name="java.vendor.url" value="http://java.oracle.com/"/>
    <property name="user.timezone" value="America/Regina"/>
    <property name="java.vm.specification.version" value="1.8"/>
    <property name="os.name" value="Windows 10"/>
    <property name="user.country" value="CR"/>
    <property name="sun.java.launcher" value="SUN_STANDARD"/>
    <property name="sun.boot.library.path" value="C:\Program Files\Java\jdk1.8.0_111\jre\bin"/>
    <property name="sun.java.command" value="C:\Users\manit\AppData\Local\Temp\surefire5783146663156486121\surefirebooter2796909620982235829.jar C:\Users\manit\AppData\Local\Temp\surefire5783146663156486121 2021-11-16T21-24-30_583-jvmRun1 surefire8069644788598732992tmp surefire_08462893190491761314tmp"/>
    <property name="surefire.test.class.path" value="C:\Users\manit\Desktop\Tutorial_Maven\target\test-classes;C:\Users\manit\Desktop\Tutorial_Maven\target\classes;C:\Users\manit\.m2\repository\org\evosuite\evosuite-standalone-runtime\1.0.6\evosuite-standalone-runtime-1.0.6.jar;C:\Users\manit\.m2\repository\junit\junit\4.12\junit-4.12.jar;C:\Users\manit\.m2\repository\org\hamcrest\hamcrest-core\1.3\hamcrest-core-1.3.jar;"/>
    <property name="sun.cpu.endian" value="little"/>
    <property name="user.home" value="C:\Users\manit"/>
    <property name="user.language" value="es"/>
    <property name="java.specification.vendor" value="Oracle Corporation"/>
    <property name="java.home" value="C:\Program Files\Java\jdk1.8.0_111\jre"/>
    <property name="basedir" value="C:\Users\manit\Desktop\Tutorial_Maven"/>
    <property name="file.separator" value="\"/>
    <property name="line.separator" value="&#10;"/>
    <property name="java.vm.specification.vendor" value="Oracle Corporation"/>
    <property name="java.specification.name" value="Java Platform API Specification"/>
    <property name="java.awt.graphicsenv" value="sun.awt.Win32GraphicsEnvironment"/>
    <property name="surefire.real.class.path" value="C:\Users\manit\AppData\Local\Temp\surefire5783146663156486121\surefirebooter2796909620982235829.jar"/>
    <property name="sun.boot.class.path" value="C:\Program Files\Java\jdk1.8.0_111\jre\lib\resources.jar;C:\Program Files\Java\jdk1.8.0_111\jre\lib\rt.jar;C:\Program Files\Java\jdk1.8.0_111\jre\lib\sunrsasign.jar;C:\Program Files\Java\jdk1.8.0_111\jre\lib\jsse.jar;C:\Program Files\Java\jdk1.8.0_111\jre\lib\jce.jar;C:\Program Files\Java\jdk1.8.0_111\jre\lib\charsets.jar;C:\Program Files\Java\jdk1.8.0_111\jre\lib\jfr.jar;C:\Program Files\Java\jdk1.8.0_111\jre\classes"/>
    <property name="user.script" value=""/>
    <property name="sun.management.compiler" value="HotSpot 64-Bit Tiered Compilers"/>
    <property name="java.runtime.version" value="1.8.0_111-b14"/>
    <property name="user.name" value="manit"/>
    <property name="path.separator" value=";"/>
    <property name="os.version" value="10.0"/>
    <property name="java.endorsed.dirs" value="C:\Program Files\Java\jdk1.8.0_111\jre\lib\endorsed"/>
    <property name="java.runtime.name" value="Java(TM) SE Runtime Environment"/>
    <property name="file.encoding" value="Cp1252"/>
    <property name="java.vm.name" value="Java HotSpot(TM) 64-Bit Server VM"/>
    <property name="localRepository" value="C:\Users\manit\.m2\repository"/>
    <property name="java.vendor.url.bug" value="http://bugreport.sun.com/bugreport/"/>
    <property name="java.io.tmpdir" value="C:\Users\manit\AppData\Local\Temp\"/>
    <property name="java.version" value="1.8.0_111"/>
    <property name="user.dir" value="C:\Users\manit\Desktop\Tutorial_Maven"/>
    <property name="os.arch" value="amd64"/>
    <property name="java.vm.specification.name" value="Java Virtual Machine Specification"/>
    <property name="java.awt.printerjob" value="sun.awt.windows.WPrinterJob"/>
    <property name="sun.os.patch.level" value=""/>
    <property name="java.library.path" value="C:\Program Files\Java\jdk1.8.0_111\jre\bin;C:\WINDOWS\Sun\Java\bin;C:\WINDOWS\system32;C:\WINDOWS;C:\apache-maven-3.8.3\bin;C:\Users\manit\Desktop\otro\apache-maven-3.8.3-bin\apache-maven-3.8.3\bin;C:\Users\manit\Desktop\apache-maven-3.8.3\bin;C:\Users\manit\Desktop\;&quot;c:\windows;c:\windows\system32;c:\windows\system32\wbem&quot;;C:\WINDOWS\system32;C:\Program Files\Java\jdk1.8.0_111\lib\servlet-api.jar;C:\Program Files\Apache Software Foundation\Tomcat 9.0\bin;C:\Program Files\Java\jdk1.8.0_111\lib\servlet-api.jar;C:\Program Files\MySQL\MySQL Shell 8.0\bin\;C:\Users\manit\AppData\Local\Microsoft\WindowsApps;C:\Users\manit\AppData\Local\Programs\Microsoft VS Code\bin;C:\Users\manit\AppData\Local\GitHubDesktop\bin;C:\Users\manit\AppData\Local\Microsoft\WindowsApps;C:\Users\manit\.dotnet\tools;C:\Users\manit\AppData\Roaming\npm;;."/>
    <property name="java.vm.info" value="mixed mode"/>
    <property name="java.vendor" value="Oracle Corporation"/>
    <property name="java.vm.version" value="25.111-b14"/>
    <property name="java.ext.dirs" value="C:\Program Files\Java\jdk1.8.0_111\jre\lib\ext;C:\WINDOWS\Sun\Java\lib\ext"/>
    <property name="sun.io.unicode.encoding" value="UnicodeLittle"/>
    <property name="java.class.version" value="52.0"/>
  </properties>
  <testcase name="test0" classname="tutorial.Node_ESTest" time="0.008"/>
  <testcase name="test1" classname="tutorial.Node_ESTest" time="0.004"/>
  <testcase name="test4" classname="tutorial.Node_ESTest" time="0.003"/>
  <testcase name="test2" classname="tutorial.Node_ESTest" time="0.003"/>
  <testcase name="test3" classname="tutorial.Node_ESTest" time="0.004"/>
</testsuite>